<tr>
<td>blasted_case110.cnf</td>
<td>287</td>
<td>1263</td>
<td>408</td>
<td>0.014726</td>
<td>16384</td>
</tr>
<tr>
<td>blasted_case110.cnf</td>
<td>287</td>
<td>1263</td>
<td>408</td>
<td>0.017858</td>
<td>16384</td>
</tr>
<tr>
<td>blasted_case110.cnf</td>
<td>287</td>
<td>1263</td>
<td>408</td>
<td>0.019744</td>
<td>16384</td>
</tr>
<tr>
<td>blasted_case110.cnf</td>
<td>287</td>
<td>1263</td>
<td>408</td>
<td>0.01736</td>
<td>16384</td>
</tr>
<tr>
<td>blasted_case110.cnf</td>
<td>287</td>
<td>1263</td>
<td>408</td>
<td>0.020933</td>
<td>16384</td>
</tr>
<tr>
<td>blasted_case110.cnf</td>
<td>287</td>
<td>1263</td>
<td>408</td>
<td>0.015616</td>
<td>16384</td>
</tr>
<tr>
<td>blasted_case110.cnf</td>
<td>287</td>
<td>1263</td>
<td>408</td>
<td>0.015075</td>
<td>16384</td>
</tr>
<tr>
<td>blasted_case110.cnf</td>
<td>287</td>
<td>1263</td>
<td>408</td>
<td>0.015826</td>
<td>16384</td>
</tr>
<tr>
<td>blasted_case110.cnf</td>
<td>287</td>
<td>1263</td>
<td>408</td>
<td>0.015723</td>
<td>16384</td>
</tr>
<tr>
<td>blasted_case110.cnf</td>
<td>287</td>
<td>1263</td>
<td>408</td>
<td>0.013171</td>
<td>16384</td>
</tr>
<tr>
<td>blasted_case110.cnf</td>
<td>287</td>
<td>1263</td>
<td>408</td>
<td>0.017669</td>
<td>16384</td>
</tr>
<tr>
<td>blasted_case110.cnf</td>
<td>287</td>
<td>1263</td>
<td>408</td>
<td>0.016392</td>
<td>16384</td>
</tr>
<tr>
<td>blasted_case110.cnf</td>
<td>287</td>
<td>1263</td>
<td>408</td>
<td>0.014619</td>
<td>16384</td>
</tr>
<tr>
<td>blasted_case110.cnf</td>
<td>287</td>
<td>1263</td>
<td>408</td>
<td>0.015464</td>
<td>16384</td>
</tr>
<tr>
<td>blasted_case110.cnf</td>
<td>287</td>
<td>1263</td>
<td>408</td>
<td>0.012503</td>
<td>16384</td>
</tr>
<tr>
<td>blasted_case110.cnf</td>
<td>287</td>
<td>1263</td>
<td>408</td>
<td>0.01121</td>
<td>16384</td>
</tr>
<tr>
<td>blasted_case110.cnf</td>
<td>287</td>
<td>1263</td>
<td>408</td>
<td>0.01226</td>
<td>16384</td>
</tr>
<tr>
<td>blasted_case110.cnf</td>
<td>287</td>
<td>1263</td>
<td>408</td>
<td>0.011149</td>
<td>16384</td>
</tr>
