<tr>
<td>sat_SYN_4.cnf</td>
<td>16546</td>
<td>52966</td>
<td>1323544</td>
<td>38.8256</td>
<td>114905579015414699114889230277702221865057497137911328479220108860787844643464216953278009515361671999315188885610107964496465583059336303454580297334267694023653538679391273332853715545351332856773100341805337539784172411885097183599882128745645064036046205404058051982338719028248883016006656511354140243155333282089718722166821125456714003116108572692634587165558779673948727882119665863866964890300631710938490538883406239795938611691520000000</td>
</tr>
<tr>
<td>Bench_blasted_118_328_case47.cnf</td>
<td>118</td>
<td>328</td>
<td>119</td>
<td>0.010177</td>
<td>262144</td>
</tr>
<tr>
<td>Bench_blasted_118_328_case47.cnf</td>
<td>118</td>
<td>328</td>
<td>119</td>
<td>0.008346</td>
<td>262144</td>
</tr>
<tr>
<td>Bench_blasted_118_328_case47.cnf</td>
<td>118</td>
<td>328</td>
<td>119</td>
<td>0.04324</td>
<td>262144</td>
</tr>
<tr>
<td>Bench_blasted_118_328_case47.cnf</td>
<td>118</td>
<td>328</td>
<td>119</td>
<td>0.013949</td>
<td>262144</td>
</tr>
<tr>
<td>10.sk_1_46.cnf</td>
<td>1494</td>
<td>2215</td>
<td>52</td>
<td>0.009805</td>
<td>1081274793984</td>
</tr>
<tr>
<td>10.sk_1_46.cnf</td>
<td>1494</td>
<td>2215</td>
<td>52</td>
<td>0.01291</td>
<td>1081274793984</td>
</tr>
<tr>
<td>110.sk_3_88.cnf</td>
<td>18570</td>
<td>63471</td>
<td>46</td>
<td>0.052823</td>
<td>18889465931478580854784</td>
</tr>
<tr>
<td>blasted_case110.cnf</td>
<td>287</td>
<td>1263</td>
<td>408</td>
<td>0.01786</td>
<td>16384</td>
</tr>
<tr>
<td>blasted_case110.cnf</td>
<td>287</td>
<td>1263</td>
<td>408</td>
<td>0.014916</td>
<td>16384</td>
</tr>
